<?xml version="1.0" encoding="UTF-8"?>
<!-- Generated by org.testng.reporters.JUnitReportReporter -->
<testsuite skipped="0" hostname="ALIENWARE15" name="testNG.TestCase3" tests="2" failures="0" timestamp="2020-04-08T00:56:06 IST" time="0.001" errors="0">
  <testcase name="m5" time="0.000" classname="testNG.TestCase3"/>
  <testcase name="m6" time="0.001" classname="testNG.TestCase3"/>
</testsuite> <!-- testNG.TestCase3 -->
