<?xml version="1.0" encoding="UTF-8"?>
<!-- Generated by org.testng.reporters.JUnitReportReporter -->
<testsuite skipped="0" hostname="ALIENWARE15" name="batchTesting.LoginTest" tests="3" failures="0" timestamp="2020-04-08T18:15:03 IST" time="0.002" errors="0">
  <testcase name="LoginbyTwitter" time="0.001" classname="batchTesting.LoginTest"/>
  <testcase name="LoginbyFacebook" time="0.001" classname="batchTesting.LoginTest"/>
  <testcase name="LoginbyEmail" time="0.000" classname="batchTesting.LoginTest"/>
</testsuite> <!-- batchTesting.LoginTest -->
