<?xml version="1.0" encoding="UTF-8"?>
<!-- Generated by org.testng.reporters.JUnitReportReporter -->
<testsuite skipped="0" hostname="ALIENWARE15" name="batchTesting.PaymentsReturnsTest" tests="1" failures="0" timestamp="2020-04-08T18:15:03 IST" time="0.001" errors="0">
  <testcase name="PaymentReturnbyBank" time="0.001" classname="batchTesting.PaymentsReturnsTest"/>
</testsuite> <!-- batchTesting.PaymentsReturnsTest -->
