<?xml version="1.0" encoding="UTF-8"?>
<!-- Generated by org.testng.reporters.JUnitReportReporter -->
<testsuite skipped="0" hostname="ALIENWARE15" name="batchTesting.PaymentTest" tests="2" failures="0" timestamp="2020-04-08T18:15:03 IST" time="0.010" errors="0">
  <testcase name="PaymentInRupees" time="0.001" classname="batchTesting.PaymentTest"/>
  <testcase name="PaymentInDollar" time="0.009" classname="batchTesting.PaymentTest"/>
</testsuite> <!-- batchTesting.PaymentTest -->
