<?xml version="1.0" encoding="UTF-8"?>
<!-- Generated by org.testng.reporters.JUnitReportReporter -->
<testsuite skipped="0" hostname="ALIENWARE15" name="testNG.TestNGClass" tests="2" failures="0" timestamp="2020-04-08T00:56:06 IST" time="0.009" errors="0">
  <testcase name="m1" time="0.008" classname="testNG.TestNGClass"/>
  <testcase name="m2" time="0.001" classname="testNG.TestNGClass"/>
</testsuite> <!-- testNG.TestNGClass -->
