<?xml version="1.0" encoding="UTF-8"?>
<!-- Generated by org.testng.reporters.JUnitReportReporter -->
<testsuite skipped="0" hostname="ALIENWARE15" name="testNG.TestCase2" tests="2" failures="0" timestamp="2020-04-08T00:56:06 IST" time="0.002" errors="0">
  <testcase name="m3" time="0.001" classname="testNG.TestCase2"/>
  <testcase name="m4" time="0.001" classname="testNG.TestCase2"/>
</testsuite> <!-- testNG.TestCase2 -->
